Arguments: 
  C:\Program Files\nodejs\node.exe C:\Users\Steve\AppData\Roaming\npm\node_modules\yarn\bin\yarn.js add rimram --save-dev

PATH: 
  C:\Users\Steve\Desktop\cmder\vendor\bin;C:\Users\Steve\Desktop\cmder\vendor\conemu-maximus5\ConEmu\Scripts;C:\Users\Steve\Desktop\cmder\vendor\conemu-maximus5;C:\Users\Steve\Desktop\cmder\vendor\conemu-maximus5\ConEmu;C:\Windows\system32;C:\Windows;C:\Windows\System32\Wbem;C:\Windows\System32\WindowsPowerShell\v1.0\;C:\Windows\System32\OpenSSH\;C:\Program Files\Git\cmd;C:\Program Files\nodejs\;C:\Program Files\Docker\Docker\resources\bin;C:\ProgramData\DockerDesktop\version-bin;C:\Users\Steve\.windows-build-tools\python27\;C:\Users\Steve\AppData\Local\Microsoft\WindowsApps;C:\Users\Steve\AppData\Local\atom\bin;C:\Users\Steve\AppData\Local\Programs\Microsoft VS Code\bin;C:\Users\Steve\AppData\Roaming\npm;C:\Program Files\Git\mingw64\bin;C:\Program Files\Git\usr\bin;C:\Users\Steve\Desktop\cmder

Yarn version: 
  1.22.5

Node version: 
  14.6.0

Platform: 
  win32 x64

Trace: 
  Error: https://registry.yarnpkg.com/rimram: Not found
      at Request.params.callback [as _callback] (C:\Users\Steve\AppData\Roaming\npm\node_modules\yarn\lib\cli.js:66988:18)
      at Request.self.callback (C:\Users\Steve\AppData\Roaming\npm\node_modules\yarn\lib\cli.js:140662:22)
      at Request.emit (events.js:314:20)
      at Request.<anonymous> (C:\Users\Steve\AppData\Roaming\npm\node_modules\yarn\lib\cli.js:141634:10)
      at Request.emit (events.js:314:20)
      at IncomingMessage.<anonymous> (C:\Users\Steve\AppData\Roaming\npm\node_modules\yarn\lib\cli.js:141556:12)
      at Object.onceWrapper (events.js:420:28)
      at IncomingMessage.emit (events.js:326:22)
      at endReadableNT (_stream_readable.js:1244:12)
      at processTicksAndRejections (internal/process/task_queues.js:80:21)

npm manifest: 
  {
    "name": "node-promise-process",
    "version": "1.0.0",
    "description": "Running an array of processes or functions async after each other",
    "keywords": [
      "node-promise-process"
    ],
    "author": "Steve Tomlin",
    "main": "src/index/.ts",
    "license": "MIT",
    "files": [
      "dist/**/*"
    ],
    "repository": {
      "url": "https://github.com/inspiraller/node-promise-process.git"
    },
    "scripts": {
      "test": "cross-env NODE_ENV=test jest",
      "example-process": "cross-env-shell babel-node --extensions '.ts,.tsx' src/example-process.ts",
      "myprocess": "node myprocess.js",
      "build": "tsc"
    },
    "devDependencies": {
      "@babel/cli": "^7.10.5",
      "@babel/core": "^7.11.1",
      "@babel/node": "^7.10.5",
      "@babel/plugin-proposal-class-properties": "^7.12.1",
      "@babel/plugin-proposal-object-rest-spread": "^7.12.1",
      "@babel/plugin-transform-runtime": "^7.12.10",
      "@babel/plugin-transform-typescript": "^7.12.1",
      "@babel/preset-env": "^7.12.10",
      "@babel/preset-typescript": "^7.12.7",
      "@babel/register": "^7.10.5",
      "@babel/runtime": "^7.11.2",
      "@types/node": "^14.0.27",
      "@typescript-eslint/eslint-plugin": "^3.9.0",
      "@typescript-eslint/parser": "^3.9.0",
      "chalk": "^4.1.0",
      "@types/jest": "^23.3.1",
      "eslint-plugin-jest": "^23.18.2",
      "jest": "^26.4.0",
      "jest-sonar": "^0.2.10",
      "jest-sonar-reporter": "^2.0.0",
      "ts-jest": "^26.2.0",
      "rimraf": "^3.0.2",
      "seamless-immutable": "^7.1.4",
      "sonarqube-scanner": "^2.7.0"
    },
    "dependencies": {
      "babel-eslint": "^10.1.0",
      "babel-jest": "^26.3.0",
      "babel-loader": "^8.1.0",
      "babel-plugin-module-resolver": "^4.0.0",
      "babel-plugin-transform-redom-jsx": "^3.0.1",
      "cross-env": "^7.0.2",
      "eslint": "^6.8.0",
      "eslint-config-airbnb": "^18.0.1",
      "eslint-config-airbnb-typescript": "^9.0.0",
      "eslint-config-prettier": "^6.9.0",
      "eslint-import-resolver-babel-module": "^5.1.2",
      "eslint-loader": "^4.0.2",
      "eslint-plugin-import": "^2.22.1",
      "eslint-plugin-jest": "^23.18.2",
      "eslint-plugin-prettier": "^3.1.2",
      "nodemon": "^1.18.4",
      "prettier": "^1.19.1",
      "typescript": "^4.1.3"
    }
  }

yarn manifest: 
  No manifest

Lockfile: 
  No lockfile
